11:45:15.966 [main] ERROR resources.base - User not able to find the account menu on the Home Page
11:45:15.966 [main] ERROR resources.base - Currently focused window has been closed.
Build info: version: '3.8.1', revision: '6e95a6684b', time: '2017-12-01T18:33:54.468Z'
System info: host: 'DESKTOP-B75F35K', ip: '10.0.2.15', os.name: 'Windows 10', os.arch: 'amd64', os.version: '10.0', java.version: '1.8.0_171'
Driver info: org.openqa.selenium.ie.InternetExplorerDriver
Capabilities {acceptInsecureCerts: false, browserName: internet explorer, browserVersion: 11, javascriptEnabled: true, pageLoadStrategy: normal, platform: WINDOWS, platformName: WINDOWS, proxy: Proxy(), se:ieOptions: {browserAttachTimeout: 0, elementScrollBehavior: 0, enablePersistentHover: true, ie.browserCommandLineSwitches: , ie.ensureCleanSession: false, ie.fileUploadDialogTimeout: 3000, ie.forceCreateProcessApi: false, ignoreProtectedModeSettings: false, ignoreZoomSetting: false, initialBrowserUrl: http://localhost:2352/, nativeEvents: true, requireWindowFocus: false}, setWindowRect: true, timeouts: {implicit: 0, pageLoad: 300000, script: 30000}}
Session ID: b23aff87-b962-4b8c-bc52-52bb733f8f47
*** Element info: {Using=xpath, value=(//span[@class='account-title' and text()='My Account '])[1]}
11:45:15.983 [main] ERROR resources.base - User not able to find the account menu on the Home Page
11:45:15.983 [main] ERROR resources.base - Currently focused window has been closed.
Build info: version: '3.8.1', revision: '6e95a6684b', time: '2017-12-01T18:33:54.468Z'
System info: host: 'DESKTOP-B75F35K', ip: '10.0.2.15', os.name: 'Windows 10', os.arch: 'amd64', os.version: '10.0', java.version: '1.8.0_171'
Driver info: org.openqa.selenium.ie.InternetExplorerDriver
Capabilities {acceptInsecureCerts: false, browserName: internet explorer, browserVersion: 11, javascriptEnabled: true, pageLoadStrategy: normal, platform: WINDOWS, platformName: WINDOWS, proxy: Proxy(), se:ieOptions: {browserAttachTimeout: 0, elementScrollBehavior: 0, enablePersistentHover: true, ie.browserCommandLineSwitches: , ie.ensureCleanSession: false, ie.fileUploadDialogTimeout: 3000, ie.forceCreateProcessApi: false, ignoreProtectedModeSettings: false, ignoreZoomSetting: false, initialBrowserUrl: http://localhost:2352/, nativeEvents: true, requireWindowFocus: false}, setWindowRect: true, timeouts: {implicit: 0, pageLoad: 300000, script: 30000}}
Session ID: b23aff87-b962-4b8c-bc52-52bb733f8f47
*** Element info: {Using=xpath, value=(//span[@class='account-title' and text()='My Account '])[1]}
11:45:15.983 [main] ERROR resources.base - User not able to click on request tab on the users page
11:45:15.983 [main] ERROR resources.base - Currently focused window has been closed.
Build info: version: '3.8.1', revision: '6e95a6684b', time: '2017-12-01T18:33:54.468Z'
System info: host: 'DESKTOP-B75F35K', ip: '10.0.2.15', os.name: 'Windows 10', os.arch: 'amd64', os.version: '10.0', java.version: '1.8.0_171'
Driver info: org.openqa.selenium.ie.InternetExplorerDriver
Capabilities {acceptInsecureCerts: false, browserName: internet explorer, browserVersion: 11, javascriptEnabled: true, pageLoadStrategy: normal, platform: WINDOWS, platformName: WINDOWS, proxy: Proxy(), se:ieOptions: {browserAttachTimeout: 0, elementScrollBehavior: 0, enablePersistentHover: true, ie.browserCommandLineSwitches: , ie.ensureCleanSession: false, ie.fileUploadDialogTimeout: 3000, ie.forceCreateProcessApi: false, ignoreProtectedModeSettings: false, ignoreZoomSetting: false, initialBrowserUrl: http://localhost:2352/, nativeEvents: true, requireWindowFocus: false}, setWindowRect: true, timeouts: {implicit: 0, pageLoad: 300000, script: 30000}}
Session ID: b23aff87-b962-4b8c-bc52-52bb733f8f47
*** Element info: {Using=xpath, value=//a[text()='Requests ']}
11:45:16.003 [main] ERROR resources.base - User not able to click on Invites tab on the users page
11:45:16.003 [main] ERROR resources.base - Currently focused window has been closed.
Build info: version: '3.8.1', revision: '6e95a6684b', time: '2017-12-01T18:33:54.468Z'
System info: host: 'DESKTOP-B75F35K', ip: '10.0.2.15', os.name: 'Windows 10', os.arch: 'amd64', os.version: '10.0', java.version: '1.8.0_171'
Driver info: org.openqa.selenium.ie.InternetExplorerDriver
Capabilities {acceptInsecureCerts: false, browserName: internet explorer, browserVersion: 11, javascriptEnabled: true, pageLoadStrategy: normal, platform: WINDOWS, platformName: WINDOWS, proxy: Proxy(), se:ieOptions: {browserAttachTimeout: 0, elementScrollBehavior: 0, enablePersistentHover: true, ie.browserCommandLineSwitches: , ie.ensureCleanSession: false, ie.fileUploadDialogTimeout: 3000, ie.forceCreateProcessApi: false, ignoreProtectedModeSettings: false, ignoreZoomSetting: false, initialBrowserUrl: http://localhost:2352/, nativeEvents: true, requireWindowFocus: false}, setWindowRect: true, timeouts: {implicit: 0, pageLoad: 300000, script: 30000}}
Session ID: b23aff87-b962-4b8c-bc52-52bb733f8f47
*** Element info: {Using=xpath, value=//a[text()='Invites ']}
11:45:16.003 [main] ERROR resources.base - User not able to find the account menu on the Home Page
11:45:16.003 [main] ERROR resources.base - Currently focused window has been closed.
Build info: version: '3.8.1', revision: '6e95a6684b', time: '2017-12-01T18:33:54.468Z'
System info: host: 'DESKTOP-B75F35K', ip: '10.0.2.15', os.name: 'Windows 10', os.arch: 'amd64', os.version: '10.0', java.version: '1.8.0_171'
Driver info: org.openqa.selenium.ie.InternetExplorerDriver
Capabilities {acceptInsecureCerts: false, browserName: internet explorer, browserVersion: 11, javascriptEnabled: true, pageLoadStrategy: normal, platform: WINDOWS, platformName: WINDOWS, proxy: Proxy(), se:ieOptions: {browserAttachTimeout: 0, elementScrollBehavior: 0, enablePersistentHover: true, ie.browserCommandLineSwitches: , ie.ensureCleanSession: false, ie.fileUploadDialogTimeout: 3000, ie.forceCreateProcessApi: false, ignoreProtectedModeSettings: false, ignoreZoomSetting: false, initialBrowserUrl: http://localhost:2352/, nativeEvents: true, requireWindowFocus: false}, setWindowRect: true, timeouts: {implicit: 0, pageLoad: 300000, script: 30000}}
Session ID: b23aff87-b962-4b8c-bc52-52bb733f8f47
*** Element info: {Using=xpath, value=(//span[@class='account-title' and text()='My Account '])[1]}
11:45:16.027 [main] ERROR resources.base - User not able to find the Forget Password Link on the Login Page
11:45:16.027 [main] ERROR resources.base - Currently focused window has been closed.
Build info: version: '3.8.1', revision: '6e95a6684b', time: '2017-12-01T18:33:54.468Z'
System info: host: 'DESKTOP-B75F35K', ip: '10.0.2.15', os.name: 'Windows 10', os.arch: 'amd64', os.version: '10.0', java.version: '1.8.0_171'
Driver info: org.openqa.selenium.ie.InternetExplorerDriver
Capabilities {acceptInsecureCerts: false, browserName: internet explorer, browserVersion: 11, javascriptEnabled: true, pageLoadStrategy: normal, platform: WINDOWS, platformName: WINDOWS, proxy: Proxy(), se:ieOptions: {browserAttachTimeout: 0, elementScrollBehavior: 0, enablePersistentHover: true, ie.browserCommandLineSwitches: , ie.ensureCleanSession: false, ie.fileUploadDialogTimeout: 3000, ie.forceCreateProcessApi: false, ignoreProtectedModeSettings: false, ignoreZoomSetting: false, initialBrowserUrl: http://localhost:2352/, nativeEvents: true, requireWindowFocus: false}, setWindowRect: true, timeouts: {implicit: 0, pageLoad: 300000, script: 30000}}
Session ID: b23aff87-b962-4b8c-bc52-52bb733f8f47
*** Element info: {Using=xpath, value=//a[@id='forgetUrl']}
11:52:23.522 [main] ERROR resources.base - User is already Login to the application
11:52:26.574 [main] INFO  resources.base - The title of the home page is captured
11:52:26.574 [main] INFO  resources.base - The title of the Shop page is Verified Successfully
11:52:32.030 [main] INFO  resources.base - From the Home Page User has Clicked on MarkITPlace tab
11:52:32.030 [main] INFO  resources.base - User has routed to the Shop Page after clicking on MarketPlace link
11:52:40.766 [main] INFO  resources.base - User has Clicked on the Manage tab from the Home Dashboard
11:52:40.766 [main] INFO  resources.base - user has routed to the Manage Page after clicking on the manage Tab
11:52:40.787 [main] INFO  resources.base - User has Successfully nevigated to the manage Page
11:52:40.881 [main] INFO  resources.base - Billing & invoice link is present on the Manage Page
11:52:40.960 [main] INFO  resources.base - Calendar link is present on the Manage Page
11:52:41.061 [main] INFO  resources.base - Subscription link is present on the Manage Page
11:52:47.808 [main] INFO  resources.base - User has clicked on the Insight tab from the Home Page
11:52:47.808 [main] INFO  resources.base - After clicking on the Insight Tab from the Home page , User have successfully nevigate to the Insight Page
11:52:47.884 [main] INFO  resources.base - Dashboard Link is present on the Insight Page
11:52:47.994 [main] INFO  resources.base - Report Link is present on the Insight Page
11:52:52.633 [main] INFO  resources.base - User has clicked on the notification link from the Home Page
11:52:52.633 [main] INFO  resources.base - User has routed to the Notification page after clicking on the notification link
11:52:52.710 [main] INFO  resources.base - Notification Settings button is present on the Notifications page
11:52:52.797 [main] INFO  resources.base - Notification heading is present on the Notifications page
11:52:52.913 [main] INFO  resources.base - All Notification tab is present on the Notifications page
11:52:53.026 [main] INFO  resources.base - Flagged tab is present on the Notifications page
11:53:00.250 [main] INFO  resources.base - User has clicked on the Logo from the Notification Page
11:53:00.278 [main] INFO  resources.base - After clicking on logo, user has roue to the Homepage
11:53:02.857 [main] INFO  resources.base - User has clicked on the Account menu from the Shop Page
12:02:36.618 [main] INFO  resources.base - User has clicked on the My Profile Page from the Account Menu
12:02:36.875 [main] INFO  resources.base - My Profile heading is present on My Profile Page
12:02:45.500 [main] INFO  resources.base - User has clicked on the Edit Profile button on My Profile Page
12:02:45.715 [main] INFO  resources.base - Edit profile heading is present on the Edit profile page
12:02:48.257 [main] INFO  resources.base - User has clicked on the Account menu from the Shop Page
12:04:58.370 [main] INFO  resources.base - User has clicked on the Change Password Link from the Account Menu
12:04:58.569 [main] INFO  resources.base - Change password heading is present on Change Password Page
12:05:02.370 [main] INFO  resources.base - User has clicked on the Account Setting from the left navigation menu
12:05:02.647 [main] INFO  resources.base - Account Settings heading is present on Account Settings Page
12:05:06.323 [main] INFO  resources.base - User has clicked on the Catalog Restrictions link from the left navigation menu
12:05:06.608 [main] INFO  resources.base - Catalog Restrictions heading is present on Catalog Page
12:05:10.309 [main] INFO  resources.base - User has clicked on the Domain link from the left navigation menu
12:05:10.547 [main] INFO  resources.base - Manage Domains heading is present on Domain Page
12:05:16.054 [main] INFO  resources.base - User has clicked on the Account menu from the Shop Page
12:07:37.577 [main] INFO  resources.base - User has clicked on the Set Notification Link from the Account Menu
12:07:39.955 [main] INFO  resources.base - User has clicked on the Account menu from the Shop Page
11:47:01.251 [main] INFO  resources.base - User has clicked on the Address of Use Link from the Account Menu
11:47:06.759 [main] INFO  resources.base - User has clicked on the Account menu from the Shop Page
11:47:06.987 [main] ERROR resources.base - User not able to click on the users link from the Account Menu
11:47:06.987 [main] ERROR resources.base - Element is not displayed
Build info: version: '3.8.1', revision: '6e95a6684b', time: '2017-12-01T18:33:54.468Z'
System info: host: 'DESKTOP-B75F35K', ip: '10.0.2.15', os.name: 'Windows 10', os.arch: 'amd64', os.version: '10.0', java.version: '1.8.0_171'
Driver info: org.openqa.selenium.ie.InternetExplorerDriver
Capabilities {acceptInsecureCerts: false, browserName: internet explorer, browserVersion: 11, javascriptEnabled: true, pageLoadStrategy: normal, platform: WINDOWS, platformName: WINDOWS, proxy: Proxy(), se:ieOptions: {browserAttachTimeout: 0, elementScrollBehavior: 0, enablePersistentHover: true, ie.browserCommandLineSwitches: , ie.ensureCleanSession: false, ie.fileUploadDialogTimeout: 3000, ie.forceCreateProcessApi: false, ignoreProtectedModeSettings: false, ignoreZoomSetting: false, initialBrowserUrl: http://localhost:14503/, nativeEvents: true, requireWindowFocus: false}, setWindowRect: true, timeouts: {implicit: 0, pageLoad: 300000, script: 30000}}
Session ID: 644d3320-c486-4e6d-a7a0-26ce411ff286
11:47:27.209 [main] ERROR resources.base - User not able to click on request tab on the users page
11:47:27.209 [main] ERROR resources.base - Unable to find element with xpath == //a[text()='Requests ']
For documentation on this error, please visit: http://seleniumhq.org/exceptions/no_such_element.html
Build info: version: '3.8.1', revision: '6e95a6684b', time: '2017-12-01T18:33:54.468Z'
System info: host: 'DESKTOP-B75F35K', ip: '10.0.2.15', os.name: 'Windows 10', os.arch: 'amd64', os.version: '10.0', java.version: '1.8.0_171'
Driver info: org.openqa.selenium.ie.InternetExplorerDriver
Capabilities {acceptInsecureCerts: false, browserName: internet explorer, browserVersion: 11, javascriptEnabled: true, pageLoadStrategy: normal, platform: WINDOWS, platformName: WINDOWS, proxy: Proxy(), se:ieOptions: {browserAttachTimeout: 0, elementScrollBehavior: 0, enablePersistentHover: true, ie.browserCommandLineSwitches: , ie.ensureCleanSession: false, ie.fileUploadDialogTimeout: 3000, ie.forceCreateProcessApi: false, ignoreProtectedModeSettings: false, ignoreZoomSetting: false, initialBrowserUrl: http://localhost:14503/, nativeEvents: true, requireWindowFocus: false}, setWindowRect: true, timeouts: {implicit: 0, pageLoad: 300000, script: 30000}}
Session ID: 644d3320-c486-4e6d-a7a0-26ce411ff286
*** Element info: {Using=xpath, value=//a[text()='Requests ']}
11:47:47.314 [main] ERROR resources.base - User not able to click on Invites tab on the users page
11:47:47.314 [main] ERROR resources.base - Unable to find element with xpath == //a[text()='Invites ']
For documentation on this error, please visit: http://seleniumhq.org/exceptions/no_such_element.html
Build info: version: '3.8.1', revision: '6e95a6684b', time: '2017-12-01T18:33:54.468Z'
System info: host: 'DESKTOP-B75F35K', ip: '10.0.2.15', os.name: 'Windows 10', os.arch: 'amd64', os.version: '10.0', java.version: '1.8.0_171'
Driver info: org.openqa.selenium.ie.InternetExplorerDriver
Capabilities {acceptInsecureCerts: false, browserName: internet explorer, browserVersion: 11, javascriptEnabled: true, pageLoadStrategy: normal, platform: WINDOWS, platformName: WINDOWS, proxy: Proxy(), se:ieOptions: {browserAttachTimeout: 0, elementScrollBehavior: 0, enablePersistentHover: true, ie.browserCommandLineSwitches: , ie.ensureCleanSession: false, ie.fileUploadDialogTimeout: 3000, ie.forceCreateProcessApi: false, ignoreProtectedModeSettings: false, ignoreZoomSetting: false, initialBrowserUrl: http://localhost:14503/, nativeEvents: true, requireWindowFocus: false}, setWindowRect: true, timeouts: {implicit: 0, pageLoad: 300000, script: 30000}}
Session ID: 644d3320-c486-4e6d-a7a0-26ce411ff286
*** Element info: {Using=xpath, value=//a[text()='Invites ']}
11:47:49.544 [main] INFO  resources.base - User has clicked on the Account menu from the Shop Page
11:47:49.793 [main] ERROR resources.base - User not able to click on the Logout Page from the Account Menu
11:47:49.793 [main] ERROR resources.base - Element is not displayed
Build info: version: '3.8.1', revision: '6e95a6684b', time: '2017-12-01T18:33:54.468Z'
System info: host: 'DESKTOP-B75F35K', ip: '10.0.2.15', os.name: 'Windows 10', os.arch: 'amd64', os.version: '10.0', java.version: '1.8.0_171'
Driver info: org.openqa.selenium.ie.InternetExplorerDriver
Capabilities {acceptInsecureCerts: false, browserName: internet explorer, browserVersion: 11, javascriptEnabled: true, pageLoadStrategy: normal, platform: WINDOWS, platformName: WINDOWS, proxy: Proxy(), se:ieOptions: {browserAttachTimeout: 0, elementScrollBehavior: 0, enablePersistentHover: true, ie.browserCommandLineSwitches: , ie.ensureCleanSession: false, ie.fileUploadDialogTimeout: 3000, ie.forceCreateProcessApi: false, ignoreProtectedModeSettings: false, ignoreZoomSetting: false, initialBrowserUrl: http://localhost:14503/, nativeEvents: true, requireWindowFocus: false}, setWindowRect: true, timeouts: {implicit: 0, pageLoad: 300000, script: 30000}}
Session ID: 644d3320-c486-4e6d-a7a0-26ce411ff286
11:48:10.079 [main] ERROR resources.base - User not able to find the Forget Password Link on the Login Page
11:48:10.079 [main] ERROR resources.base - Unable to find element with xpath == //a[@id='forgetUrl']
For documentation on this error, please visit: http://seleniumhq.org/exceptions/no_such_element.html
Build info: version: '3.8.1', revision: '6e95a6684b', time: '2017-12-01T18:33:54.468Z'
System info: host: 'DESKTOP-B75F35K', ip: '10.0.2.15', os.name: 'Windows 10', os.arch: 'amd64', os.version: '10.0', java.version: '1.8.0_171'
Driver info: org.openqa.selenium.ie.InternetExplorerDriver
Capabilities {acceptInsecureCerts: false, browserName: internet explorer, browserVersion: 11, javascriptEnabled: true, pageLoadStrategy: normal, platform: WINDOWS, platformName: WINDOWS, proxy: Proxy(), se:ieOptions: {browserAttachTimeout: 0, elementScrollBehavior: 0, enablePersistentHover: true, ie.browserCommandLineSwitches: , ie.ensureCleanSession: false, ie.fileUploadDialogTimeout: 3000, ie.forceCreateProcessApi: false, ignoreProtectedModeSettings: false, ignoreZoomSetting: false, initialBrowserUrl: http://localhost:14503/, nativeEvents: true, requireWindowFocus: false}, setWindowRect: true, timeouts: {implicit: 0, pageLoad: 300000, script: 30000}}
Session ID: 644d3320-c486-4e6d-a7a0-26ce411ff286
*** Element info: {Using=xpath, value=//a[@id='forgetUrl']}
11:48:32.760 [main] ERROR resources.base - User not able to find Create Account Link on the Login Page , hence not able to click it
11:48:32.760 [main] ERROR resources.base - Unable to find element with xpath == //a[text()='Create Account']
For documentation on this error, please visit: http://seleniumhq.org/exceptions/no_such_element.html
Build info: version: '3.8.1', revision: '6e95a6684b', time: '2017-12-01T18:33:54.468Z'
System info: host: 'DESKTOP-B75F35K', ip: '10.0.2.15', os.name: 'Windows 10', os.arch: 'amd64', os.version: '10.0', java.version: '1.8.0_171'
Driver info: org.openqa.selenium.ie.InternetExplorerDriver
Capabilities {acceptInsecureCerts: false, browserName: internet explorer, browserVersion: 11, javascriptEnabled: true, pageLoadStrategy: normal, platform: WINDOWS, platformName: WINDOWS, proxy: Proxy(), se:ieOptions: {browserAttachTimeout: 0, elementScrollBehavior: 0, enablePersistentHover: true, ie.browserCommandLineSwitches: , ie.ensureCleanSession: false, ie.fileUploadDialogTimeout: 3000, ie.forceCreateProcessApi: false, ignoreProtectedModeSettings: false, ignoreZoomSetting: false, initialBrowserUrl: http://localhost:14503/, nativeEvents: true, requireWindowFocus: false}, setWindowRect: true, timeouts: {implicit: 0, pageLoad: 300000, script: 30000}}
Session ID: 644d3320-c486-4e6d-a7a0-26ce411ff286
*** Element info: {Using=xpath, value=//a[text()='Create Account']}
11:49:54.986 [main] ERROR resources.base - User is already Login to the application
11:49:58.012 [main] INFO  resources.base - The title of the home page is captured
11:49:58.012 [main] INFO  resources.base - The title of the Shop page is Verified Successfully
11:50:02.185 [main] INFO  resources.base - From the Home Page User has Clicked on MarkITPlace tab
11:50:02.185 [main] INFO  resources.base - User has routed to the Shop Page after clicking on MarketPlace link
11:50:06.922 [main] INFO  resources.base - User has Clicked on the Manage tab from the Home Dashboard
11:50:06.922 [main] INFO  resources.base - user has routed to the Manage Page after clicking on the manage Tab
11:50:07.015 [main] INFO  resources.base - User has Successfully nevigated to the manage Page
11:50:07.100 [main] INFO  resources.base - Billing & invoice link is present on the Manage Page
11:50:07.183 [main] INFO  resources.base - Calendar link is present on the Manage Page
11:50:07.267 [main] INFO  resources.base - Subscription link is present on the Manage Page
11:50:11.986 [main] INFO  resources.base - User has clicked on the Insight tab from the Home Page
11:50:12.006 [main] INFO  resources.base - After clicking on the Insight Tab from the Home page , User have successfully nevigate to the Insight Page
11:50:12.108 [main] INFO  resources.base - Dashboard Link is present on the Insight Page
11:50:12.203 [main] INFO  resources.base - Report Link is present on the Insight Page
11:50:15.782 [main] INFO  resources.base - User has clicked on the notification link from the Home Page
11:50:15.782 [main] INFO  resources.base - User has routed to the Notification page after clicking on the notification link
11:50:15.887 [main] INFO  resources.base - Notification Settings button is present on the Notifications page
11:50:15.957 [main] INFO  resources.base - Notification heading is present on the Notifications page
11:50:16.048 [main] INFO  resources.base - All Notification tab is present on the Notifications page
11:50:16.108 [main] INFO  resources.base - Flagged tab is present on the Notifications page
11:50:23.221 [main] INFO  resources.base - User has clicked on the Logo from the Notification Page
11:50:23.245 [main] INFO  resources.base - After clicking on logo, user has roue to the Homepage
11:50:26.292 [main] INFO  resources.base - User has clicked on the Account menu from the Shop Page
11:50:46.641 [main] ERROR resources.base - User not able to click on the Edit Profile button on My Profile Page
11:50:46.641 [main] ERROR resources.base - Unable to find element with xpath == //a[@class='btn edit']
For documentation on this error, please visit: http://seleniumhq.org/exceptions/no_such_element.html
Build info: version: '3.8.1', revision: '6e95a6684b', time: '2017-12-01T18:33:54.468Z'
System info: host: 'DESKTOP-B75F35K', ip: '10.0.2.15', os.name: 'Windows 10', os.arch: 'amd64', os.version: '10.0', java.version: '1.8.0_171'
Driver info: org.openqa.selenium.ie.InternetExplorerDriver
Capabilities {acceptInsecureCerts: false, browserName: internet explorer, browserVersion: 11, javascriptEnabled: true, pageLoadStrategy: normal, platform: WINDOWS, platformName: WINDOWS, proxy: Proxy(), se:ieOptions: {browserAttachTimeout: 0, elementScrollBehavior: 0, enablePersistentHover: true, ie.browserCommandLineSwitches: , ie.ensureCleanSession: false, ie.fileUploadDialogTimeout: 3000, ie.forceCreateProcessApi: false, ignoreProtectedModeSettings: false, ignoreZoomSetting: false, initialBrowserUrl: http://localhost:48955/, nativeEvents: true, requireWindowFocus: false}, setWindowRect: true, timeouts: {implicit: 0, pageLoad: 300000, script: 30000}}
Session ID: 8abaa627-e7ed-47bc-b47f-98f25f4f74d3
*** Element info: {Using=xpath, value=//a[@class='btn edit']}
11:50:49.082 [main] INFO  resources.base - User has clicked on the Account menu from the Shop Page
11:51:26.917 [main] INFO  resources.base - User has clicked on the Change Password Link from the Account Menu
11:51:27.148 [main] INFO  resources.base - Change password heading is present on Change Password Page
11:51:30.667 [main] INFO  resources.base - User has clicked on the Account Setting from the left navigation menu
11:51:30.749 [main] ERROR resources.base - User not able to click on the Catalog Restrictions link from the left navigation menu
11:51:30.749 [main] ERROR resources.base - Currently focused window has been closed.
Build info: version: '3.8.1', revision: '6e95a6684b', time: '2017-12-01T18:33:54.468Z'
System info: host: 'DESKTOP-B75F35K', ip: '10.0.2.15', os.name: 'Windows 10', os.arch: 'amd64', os.version: '10.0', java.version: '1.8.0_171'
Driver info: org.openqa.selenium.ie.InternetExplorerDriver
Capabilities {acceptInsecureCerts: false, browserName: internet explorer, browserVersion: 11, javascriptEnabled: true, pageLoadStrategy: normal, platform: WINDOWS, platformName: WINDOWS, proxy: Proxy(), se:ieOptions: {browserAttachTimeout: 0, elementScrollBehavior: 0, enablePersistentHover: true, ie.browserCommandLineSwitches: , ie.ensureCleanSession: false, ie.fileUploadDialogTimeout: 3000, ie.forceCreateProcessApi: false, ignoreProtectedModeSettings: false, ignoreZoomSetting: false, initialBrowserUrl: http://localhost:48955/, nativeEvents: true, requireWindowFocus: false}, setWindowRect: true, timeouts: {implicit: 0, pageLoad: 300000, script: 30000}}
Session ID: 8abaa627-e7ed-47bc-b47f-98f25f4f74d3
*** Element info: {Using=xpath, value=//a[text()='Catalog Restrictions']}
11:51:30.808 [main] ERROR resources.base - User not able to click on the Domain Link link from the left navigation menu
11:51:30.808 [main] ERROR resources.base - Currently focused window has been closed.
Build info: version: '3.8.1', revision: '6e95a6684b', time: '2017-12-01T18:33:54.468Z'
System info: host: 'DESKTOP-B75F35K', ip: '10.0.2.15', os.name: 'Windows 10', os.arch: 'amd64', os.version: '10.0', java.version: '1.8.0_171'
Driver info: org.openqa.selenium.ie.InternetExplorerDriver
Capabilities {acceptInsecureCerts: false, browserName: internet explorer, browserVersion: 11, javascriptEnabled: true, pageLoadStrategy: normal, platform: WINDOWS, platformName: WINDOWS, proxy: Proxy(), se:ieOptions: {browserAttachTimeout: 0, elementScrollBehavior: 0, enablePersistentHover: true, ie.browserCommandLineSwitches: , ie.ensureCleanSession: false, ie.fileUploadDialogTimeout: 3000, ie.forceCreateProcessApi: false, ignoreProtectedModeSettings: false, ignoreZoomSetting: false, initialBrowserUrl: http://localhost:48955/, nativeEvents: true, requireWindowFocus: false}, setWindowRect: true, timeouts: {implicit: 0, pageLoad: 300000, script: 30000}}
Session ID: 8abaa627-e7ed-47bc-b47f-98f25f4f74d3
*** Element info: {Using=xpath, value=//a[text()='Domains']}
11:51:30.834 [main] ERROR resources.base - User not able to find the account menu on the Home Page
11:51:30.834 [main] ERROR resources.base - Currently focused window has been closed.
Build info: version: '3.8.1', revision: '6e95a6684b', time: '2017-12-01T18:33:54.468Z'
System info: host: 'DESKTOP-B75F35K', ip: '10.0.2.15', os.name: 'Windows 10', os.arch: 'amd64', os.version: '10.0', java.version: '1.8.0_171'
Driver info: org.openqa.selenium.ie.InternetExplorerDriver
Capabilities {acceptInsecureCerts: false, browserName: internet explorer, browserVersion: 11, javascriptEnabled: true, pageLoadStrategy: normal, platform: WINDOWS, platformName: WINDOWS, proxy: Proxy(), se:ieOptions: {browserAttachTimeout: 0, elementScrollBehavior: 0, enablePersistentHover: true, ie.browserCommandLineSwitches: , ie.ensureCleanSession: false, ie.fileUploadDialogTimeout: 3000, ie.forceCreateProcessApi: false, ignoreProtectedModeSettings: false, ignoreZoomSetting: false, initialBrowserUrl: http://localhost:48955/, nativeEvents: true, requireWindowFocus: false}, setWindowRect: true, timeouts: {implicit: 0, pageLoad: 300000, script: 30000}}
Session ID: 8abaa627-e7ed-47bc-b47f-98f25f4f74d3
*** Element info: {Using=xpath, value=(//span[@class='account-title' and text()='My Account '])[1]}
11:51:30.884 [main] ERROR resources.base - User not able to find the account menu on the Home Page
11:51:30.884 [main] ERROR resources.base - Currently focused window has been closed.
Build info: version: '3.8.1', revision: '6e95a6684b', time: '2017-12-01T18:33:54.468Z'
System info: host: 'DESKTOP-B75F35K', ip: '10.0.2.15', os.name: 'Windows 10', os.arch: 'amd64', os.version: '10.0', java.version: '1.8.0_171'
Driver info: org.openqa.selenium.ie.InternetExplorerDriver
Capabilities {acceptInsecureCerts: false, browserName: internet explorer, browserVersion: 11, javascriptEnabled: true, pageLoadStrategy: normal, platform: WINDOWS, platformName: WINDOWS, proxy: Proxy(), se:ieOptions: {browserAttachTimeout: 0, elementScrollBehavior: 0, enablePersistentHover: true, ie.browserCommandLineSwitches: , ie.ensureCleanSession: false, ie.fileUploadDialogTimeout: 3000, ie.forceCreateProcessApi: false, ignoreProtectedModeSettings: false, ignoreZoomSetting: false, initialBrowserUrl: http://localhost:48955/, nativeEvents: true, requireWindowFocus: false}, setWindowRect: true, timeouts: {implicit: 0, pageLoad: 300000, script: 30000}}
Session ID: 8abaa627-e7ed-47bc-b47f-98f25f4f74d3
*** Element info: {Using=xpath, value=(//span[@class='account-title' and text()='My Account '])[1]}
11:51:30.947 [main] ERROR resources.base - User not able to find the account menu on the Home Page
11:51:30.947 [main] ERROR resources.base - Currently focused window has been closed.
Build info: version: '3.8.1', revision: '6e95a6684b', time: '2017-12-01T18:33:54.468Z'
System info: host: 'DESKTOP-B75F35K', ip: '10.0.2.15', os.name: 'Windows 10', os.arch: 'amd64', os.version: '10.0', java.version: '1.8.0_171'
Driver info: org.openqa.selenium.ie.InternetExplorerDriver
Capabilities {acceptInsecureCerts: false, browserName: internet explorer, browserVersion: 11, javascriptEnabled: true, pageLoadStrategy: normal, platform: WINDOWS, platformName: WINDOWS, proxy: Proxy(), se:ieOptions: {browserAttachTimeout: 0, elementScrollBehavior: 0, enablePersistentHover: true, ie.browserCommandLineSwitches: , ie.ensureCleanSession: false, ie.fileUploadDialogTimeout: 3000, ie.forceCreateProcessApi: false, ignoreProtectedModeSettings: false, ignoreZoomSetting: false, initialBrowserUrl: http://localhost:48955/, nativeEvents: true, requireWindowFocus: false}, setWindowRect: true, timeouts: {implicit: 0, pageLoad: 300000, script: 30000}}
Session ID: 8abaa627-e7ed-47bc-b47f-98f25f4f74d3
*** Element info: {Using=xpath, value=(//span[@class='account-title' and text()='My Account '])[1]}
11:51:30.970 [main] ERROR resources.base - User not able to click on request tab on the users page
11:51:30.970 [main] ERROR resources.base - Currently focused window has been closed.
Build info: version: '3.8.1', revision: '6e95a6684b', time: '2017-12-01T18:33:54.468Z'
System info: host: 'DESKTOP-B75F35K', ip: '10.0.2.15', os.name: 'Windows 10', os.arch: 'amd64', os.version: '10.0', java.version: '1.8.0_171'
Driver info: org.openqa.selenium.ie.InternetExplorerDriver
Capabilities {acceptInsecureCerts: false, browserName: internet explorer, browserVersion: 11, javascriptEnabled: true, pageLoadStrategy: normal, platform: WINDOWS, platformName: WINDOWS, proxy: Proxy(), se:ieOptions: {browserAttachTimeout: 0, elementScrollBehavior: 0, enablePersistentHover: true, ie.browserCommandLineSwitches: , ie.ensureCleanSession: false, ie.fileUploadDialogTimeout: 3000, ie.forceCreateProcessApi: false, ignoreProtectedModeSettings: false, ignoreZoomSetting: false, initialBrowserUrl: http://localhost:48955/, nativeEvents: true, requireWindowFocus: false}, setWindowRect: true, timeouts: {implicit: 0, pageLoad: 300000, script: 30000}}
Session ID: 8abaa627-e7ed-47bc-b47f-98f25f4f74d3
*** Element info: {Using=xpath, value=//a[text()='Requests ']}
11:51:30.995 [main] ERROR resources.base - User not able to click on Invites tab on the users page
11:51:30.995 [main] ERROR resources.base - Currently focused window has been closed.
Build info: version: '3.8.1', revision: '6e95a6684b', time: '2017-12-01T18:33:54.468Z'
System info: host: 'DESKTOP-B75F35K', ip: '10.0.2.15', os.name: 'Windows 10', os.arch: 'amd64', os.version: '10.0', java.version: '1.8.0_171'
Driver info: org.openqa.selenium.ie.InternetExplorerDriver
Capabilities {acceptInsecureCerts: false, browserName: internet explorer, browserVersion: 11, javascriptEnabled: true, pageLoadStrategy: normal, platform: WINDOWS, platformName: WINDOWS, proxy: Proxy(), se:ieOptions: {browserAttachTimeout: 0, elementScrollBehavior: 0, enablePersistentHover: true, ie.browserCommandLineSwitches: , ie.ensureCleanSession: false, ie.fileUploadDialogTimeout: 3000, ie.forceCreateProcessApi: false, ignoreProtectedModeSettings: false, ignoreZoomSetting: false, initialBrowserUrl: http://localhost:48955/, nativeEvents: true, requireWindowFocus: false}, setWindowRect: true, timeouts: {implicit: 0, pageLoad: 300000, script: 30000}}
Session ID: 8abaa627-e7ed-47bc-b47f-98f25f4f74d3
*** Element info: {Using=xpath, value=//a[text()='Invites ']}
11:51:31.041 [main] ERROR resources.base - User not able to find the account menu on the Home Page
11:51:31.041 [main] ERROR resources.base - Currently focused window has been closed.
Build info: version: '3.8.1', revision: '6e95a6684b', time: '2017-12-01T18:33:54.468Z'
System info: host: 'DESKTOP-B75F35K', ip: '10.0.2.15', os.name: 'Windows 10', os.arch: 'amd64', os.version: '10.0', java.version: '1.8.0_171'
Driver info: org.openqa.selenium.ie.InternetExplorerDriver
Capabilities {acceptInsecureCerts: false, browserName: internet explorer, browserVersion: 11, javascriptEnabled: true, pageLoadStrategy: normal, platform: WINDOWS, platformName: WINDOWS, proxy: Proxy(), se:ieOptions: {browserAttachTimeout: 0, elementScrollBehavior: 0, enablePersistentHover: true, ie.browserCommandLineSwitches: , ie.ensureCleanSession: false, ie.fileUploadDialogTimeout: 3000, ie.forceCreateProcessApi: false, ignoreProtectedModeSettings: false, ignoreZoomSetting: false, initialBrowserUrl: http://localhost:48955/, nativeEvents: true, requireWindowFocus: false}, setWindowRect: true, timeouts: {implicit: 0, pageLoad: 300000, script: 30000}}
Session ID: 8abaa627-e7ed-47bc-b47f-98f25f4f74d3
*** Element info: {Using=xpath, value=(//span[@class='account-title' and text()='My Account '])[1]}
11:51:31.063 [main] ERROR resources.base - User not able to find the Forget Password Link on the Login Page
11:51:31.063 [main] ERROR resources.base - Currently focused window has been closed.
Build info: version: '3.8.1', revision: '6e95a6684b', time: '2017-12-01T18:33:54.468Z'
System info: host: 'DESKTOP-B75F35K', ip: '10.0.2.15', os.name: 'Windows 10', os.arch: 'amd64', os.version: '10.0', java.version: '1.8.0_171'
Driver info: org.openqa.selenium.ie.InternetExplorerDriver
Capabilities {acceptInsecureCerts: false, browserName: internet explorer, browserVersion: 11, javascriptEnabled: true, pageLoadStrategy: normal, platform: WINDOWS, platformName: WINDOWS, proxy: Proxy(), se:ieOptions: {browserAttachTimeout: 0, elementScrollBehavior: 0, enablePersistentHover: true, ie.browserCommandLineSwitches: , ie.ensureCleanSession: false, ie.fileUploadDialogTimeout: 3000, ie.forceCreateProcessApi: false, ignoreProtectedModeSettings: false, ignoreZoomSetting: false, initialBrowserUrl: http://localhost:48955/, nativeEvents: true, requireWindowFocus: false}, setWindowRect: true, timeouts: {implicit: 0, pageLoad: 300000, script: 30000}}
Session ID: 8abaa627-e7ed-47bc-b47f-98f25f4f74d3
*** Element info: {Using=xpath, value=//a[@id='forgetUrl']}
11:55:47.716 [main] ERROR resources.base - User is already Login to the application
11:55:50.755 [main] INFO  resources.base - The title of the home page is captured
11:55:50.757 [main] INFO  resources.base - The title of the Shop page is Verified Successfully
11:55:54.827 [main] INFO  resources.base - From the Home Page User has Clicked on MarkITPlace tab
11:55:54.827 [main] INFO  resources.base - User has routed to the Shop Page after clicking on MarketPlace link
11:55:59.406 [main] INFO  resources.base - User has Clicked on the Manage tab from the Home Dashboard
11:55:59.406 [main] INFO  resources.base - user has routed to the Manage Page after clicking on the manage Tab
11:55:59.423 [main] INFO  resources.base - User has Successfully nevigated to the manage Page
11:55:59.500 [main] INFO  resources.base - Billing & invoice link is present on the Manage Page
11:55:59.567 [main] INFO  resources.base - Calendar link is present on the Manage Page
11:55:59.628 [main] INFO  resources.base - Subscription link is present on the Manage Page
11:56:04.146 [main] INFO  resources.base - User has clicked on the Insight tab from the Home Page
11:56:04.233 [main] INFO  resources.base - After clicking on the Insight Tab from the Home page , User have successfully nevigate to the Insight Page
11:56:04.303 [main] INFO  resources.base - Dashboard Link is present on the Insight Page
11:56:04.370 [main] INFO  resources.base - Report Link is present on the Insight Page
11:56:07.909 [main] INFO  resources.base - User has clicked on the notification link from the Home Page
11:56:07.909 [main] INFO  resources.base - User has routed to the Notification page after clicking on the notification link
11:56:07.983 [main] INFO  resources.base - Notification Settings button is present on the Notifications page
11:56:08.067 [main] INFO  resources.base - Notification heading is present on the Notifications page
11:56:08.148 [main] INFO  resources.base - All Notification tab is present on the Notifications page
11:56:08.237 [main] INFO  resources.base - Flagged tab is present on the Notifications page
11:56:15.327 [main] INFO  resources.base - User has clicked on the Logo from the Notification Page
11:56:15.343 [main] INFO  resources.base - After clicking on logo, user has roue to the Homepage
11:56:18.977 [main] INFO  resources.base - User has clicked on the Account menu from the Shop Page
11:56:39.331 [main] ERROR resources.base - User not able to click on the Edit Profile button on My Profile Page
11:56:39.333 [main] ERROR resources.base - Unable to find element with xpath == //a[@class='btn edit']
For documentation on this error, please visit: http://seleniumhq.org/exceptions/no_such_element.html
Build info: version: '3.8.1', revision: '6e95a6684b', time: '2017-12-01T18:33:54.468Z'
System info: host: 'DESKTOP-B75F35K', ip: '10.0.2.15', os.name: 'Windows 10', os.arch: 'amd64', os.version: '10.0', java.version: '1.8.0_171'
Driver info: org.openqa.selenium.ie.InternetExplorerDriver
Capabilities {acceptInsecureCerts: false, browserName: internet explorer, browserVersion: 11, javascriptEnabled: true, pageLoadStrategy: normal, platform: WINDOWS, platformName: WINDOWS, proxy: Proxy(), se:ieOptions: {browserAttachTimeout: 0, elementScrollBehavior: 0, enablePersistentHover: true, ie.browserCommandLineSwitches: , ie.ensureCleanSession: false, ie.fileUploadDialogTimeout: 3000, ie.forceCreateProcessApi: false, ignoreProtectedModeSettings: false, ignoreZoomSetting: false, initialBrowserUrl: http://localhost:38206/, nativeEvents: true, requireWindowFocus: false}, setWindowRect: true, timeouts: {implicit: 0, pageLoad: 300000, script: 30000}}
Session ID: a910f3ed-e921-43b2-9e15-bca3f8b13a56
*** Element info: {Using=xpath, value=//a[@class='btn edit']}
11:56:41.660 [main] INFO  resources.base - User has clicked on the Account menu from the Shop Page
11:56:48.623 [main] INFO  resources.base - User has clicked on the Change Password Link from the Account Menu
11:56:48.832 [main] INFO  resources.base - Change password heading is present on Change Password Page
11:56:52.424 [main] INFO  resources.base - User has clicked on the Account Setting from the left navigation menu
11:56:52.614 [main] INFO  resources.base - Account Settings heading is present on Account Settings Page
11:56:56.156 [main] INFO  resources.base - User has clicked on the Catalog Restrictions link from the left navigation menu
11:56:56.371 [main] INFO  resources.base - Catalog Restrictions heading is present on Catalog Page
11:56:59.994 [main] INFO  resources.base - User has clicked on the Domain link from the left navigation menu
11:57:00.186 [main] INFO  resources.base - Manage Domains heading is present on Domain Page
11:57:05.551 [main] INFO  resources.base - User has clicked on the Account menu from the Shop Page
11:57:12.057 [main] INFO  resources.base - User has clicked on the Set Notification Link from the Account Menu
11:57:14.387 [main] INFO  resources.base - User has clicked on the Account menu from the Shop Page
11:57:20.932 [main] INFO  resources.base - User has clicked on the Address of Use Link from the Account Menu
11:57:26.110 [main] INFO  resources.base - Address of Use heading is present on the Address Page
11:57:31.471 [main] INFO  resources.base - User has clicked on the Account menu from the Shop Page
11:57:59.137 [main] INFO  resources.base - User has clicked on the users Link from the Account Menu
11:58:19.287 [main] ERROR resources.base - User not able to click on request tab on the users page
11:58:19.290 [main] ERROR resources.base - Unable to find element with xpath == //a[text()='Requests ']
For documentation on this error, please visit: http://seleniumhq.org/exceptions/no_such_element.html
Build info: version: '3.8.1', revision: '6e95a6684b', time: '2017-12-01T18:33:54.468Z'
System info: host: 'DESKTOP-B75F35K', ip: '10.0.2.15', os.name: 'Windows 10', os.arch: 'amd64', os.version: '10.0', java.version: '1.8.0_171'
Driver info: org.openqa.selenium.ie.InternetExplorerDriver
Capabilities {acceptInsecureCerts: false, browserName: internet explorer, browserVersion: 11, javascriptEnabled: true, pageLoadStrategy: normal, platform: WINDOWS, platformName: WINDOWS, proxy: Proxy(), se:ieOptions: {browserAttachTimeout: 0, elementScrollBehavior: 0, enablePersistentHover: true, ie.browserCommandLineSwitches: , ie.ensureCleanSession: false, ie.fileUploadDialogTimeout: 3000, ie.forceCreateProcessApi: false, ignoreProtectedModeSettings: false, ignoreZoomSetting: false, initialBrowserUrl: http://localhost:38206/, nativeEvents: true, requireWindowFocus: false}, setWindowRect: true, timeouts: {implicit: 0, pageLoad: 300000, script: 30000}}
Session ID: a910f3ed-e921-43b2-9e15-bca3f8b13a56
*** Element info: {Using=xpath, value=//a[text()='Requests ']}
11:58:39.547 [main] ERROR resources.base - User not able to click on Invites tab on the users page
11:58:39.547 [main] ERROR resources.base - Unable to find element with xpath == //a[text()='Invites ']
For documentation on this error, please visit: http://seleniumhq.org/exceptions/no_such_element.html
Build info: version: '3.8.1', revision: '6e95a6684b', time: '2017-12-01T18:33:54.468Z'
System info: host: 'DESKTOP-B75F35K', ip: '10.0.2.15', os.name: 'Windows 10', os.arch: 'amd64', os.version: '10.0', java.version: '1.8.0_171'
Driver info: org.openqa.selenium.ie.InternetExplorerDriver
Capabilities {acceptInsecureCerts: false, browserName: internet explorer, browserVersion: 11, javascriptEnabled: true, pageLoadStrategy: normal, platform: WINDOWS, platformName: WINDOWS, proxy: Proxy(), se:ieOptions: {browserAttachTimeout: 0, elementScrollBehavior: 0, enablePersistentHover: true, ie.browserCommandLineSwitches: , ie.ensureCleanSession: false, ie.fileUploadDialogTimeout: 3000, ie.forceCreateProcessApi: false, ignoreProtectedModeSettings: false, ignoreZoomSetting: false, initialBrowserUrl: http://localhost:38206/, nativeEvents: true, requireWindowFocus: false}, setWindowRect: true, timeouts: {implicit: 0, pageLoad: 300000, script: 30000}}
Session ID: a910f3ed-e921-43b2-9e15-bca3f8b13a56
*** Element info: {Using=xpath, value=//a[text()='Invites ']}
11:58:41.866 [main] INFO  resources.base - User has clicked on the Account menu from the Shop Page
11:58:42.113 [main] ERROR resources.base - User not able to click on the Logout Page from the Account Menu
11:58:42.115 [main] ERROR resources.base - Element is not displayed
Build info: version: '3.8.1', revision: '6e95a6684b', time: '2017-12-01T18:33:54.468Z'
System info: host: 'DESKTOP-B75F35K', ip: '10.0.2.15', os.name: 'Windows 10', os.arch: 'amd64', os.version: '10.0', java.version: '1.8.0_171'
Driver info: org.openqa.selenium.ie.InternetExplorerDriver
Capabilities {acceptInsecureCerts: false, browserName: internet explorer, browserVersion: 11, javascriptEnabled: true, pageLoadStrategy: normal, platform: WINDOWS, platformName: WINDOWS, proxy: Proxy(), se:ieOptions: {browserAttachTimeout: 0, elementScrollBehavior: 0, enablePersistentHover: true, ie.browserCommandLineSwitches: , ie.ensureCleanSession: false, ie.fileUploadDialogTimeout: 3000, ie.forceCreateProcessApi: false, ignoreProtectedModeSettings: false, ignoreZoomSetting: false, initialBrowserUrl: http://localhost:38206/, nativeEvents: true, requireWindowFocus: false}, setWindowRect: true, timeouts: {implicit: 0, pageLoad: 300000, script: 30000}}
Session ID: a910f3ed-e921-43b2-9e15-bca3f8b13a56
11:59:02.336 [main] ERROR resources.base - User not able to find the Forget Password Link on the Login Page
11:59:02.337 [main] ERROR resources.base - Unable to find element with xpath == //a[@id='forgetUrl']
For documentation on this error, please visit: http://seleniumhq.org/exceptions/no_such_element.html
Build info: version: '3.8.1', revision: '6e95a6684b', time: '2017-12-01T18:33:54.468Z'
System info: host: 'DESKTOP-B75F35K', ip: '10.0.2.15', os.name: 'Windows 10', os.arch: 'amd64', os.version: '10.0', java.version: '1.8.0_171'
Driver info: org.openqa.selenium.ie.InternetExplorerDriver
Capabilities {acceptInsecureCerts: false, browserName: internet explorer, browserVersion: 11, javascriptEnabled: true, pageLoadStrategy: normal, platform: WINDOWS, platformName: WINDOWS, proxy: Proxy(), se:ieOptions: {browserAttachTimeout: 0, elementScrollBehavior: 0, enablePersistentHover: true, ie.browserCommandLineSwitches: , ie.ensureCleanSession: false, ie.fileUploadDialogTimeout: 3000, ie.forceCreateProcessApi: false, ignoreProtectedModeSettings: false, ignoreZoomSetting: false, initialBrowserUrl: http://localhost:38206/, nativeEvents: true, requireWindowFocus: false}, setWindowRect: true, timeouts: {implicit: 0, pageLoad: 300000, script: 30000}}
Session ID: a910f3ed-e921-43b2-9e15-bca3f8b13a56
*** Element info: {Using=xpath, value=//a[@id='forgetUrl']}
11:59:24.437 [main] ERROR resources.base - User not able to find Create Account Link on the Login Page , hence not able to click it
11:59:24.439 [main] ERROR resources.base - Unable to find element with xpath == //a[text()='Create Account']
For documentation on this error, please visit: http://seleniumhq.org/exceptions/no_such_element.html
Build info: version: '3.8.1', revision: '6e95a6684b', time: '2017-12-01T18:33:54.468Z'
System info: host: 'DESKTOP-B75F35K', ip: '10.0.2.15', os.name: 'Windows 10', os.arch: 'amd64', os.version: '10.0', java.version: '1.8.0_171'
Driver info: org.openqa.selenium.ie.InternetExplorerDriver
Capabilities {acceptInsecureCerts: false, browserName: internet explorer, browserVersion: 11, javascriptEnabled: true, pageLoadStrategy: normal, platform: WINDOWS, platformName: WINDOWS, proxy: Proxy(), se:ieOptions: {browserAttachTimeout: 0, elementScrollBehavior: 0, enablePersistentHover: true, ie.browserCommandLineSwitches: , ie.ensureCleanSession: false, ie.fileUploadDialogTimeout: 3000, ie.forceCreateProcessApi: false, ignoreProtectedModeSettings: false, ignoreZoomSetting: false, initialBrowserUrl: http://localhost:38206/, nativeEvents: true, requireWindowFocus: false}, setWindowRect: true, timeouts: {implicit: 0, pageLoad: 300000, script: 30000}}
Session ID: a910f3ed-e921-43b2-9e15-bca3f8b13a56
*** Element info: {Using=xpath, value=//a[text()='Create Account']}
12:01:18.419 [main] ERROR resources.base - User is already Login to the application
12:01:21.456 [main] INFO  resources.base - The title of the home page is captured
12:01:21.458 [main] INFO  resources.base - The title of the Shop page is Verified Successfully
12:01:25.589 [main] INFO  resources.base - From the Home Page User has Clicked on MarkITPlace tab
12:01:25.589 [main] INFO  resources.base - User has routed to the Shop Page after clicking on MarketPlace link
12:01:30.201 [main] INFO  resources.base - User has Clicked on the Manage tab from the Home Dashboard
12:01:30.201 [main] INFO  resources.base - user has routed to the Manage Page after clicking on the manage Tab
12:01:30.210 [main] INFO  resources.base - User has Successfully nevigated to the manage Page
12:01:30.286 [main] INFO  resources.base - Billing & invoice link is present on the Manage Page
12:01:30.371 [main] INFO  resources.base - Calendar link is present on the Manage Page
12:01:30.525 [main] INFO  resources.base - Subscription link is present on the Manage Page
12:01:35.044 [main] INFO  resources.base - User has clicked on the Insight tab from the Home Page
12:01:35.059 [main] INFO  resources.base - After clicking on the Insight Tab from the Home page , User have successfully nevigate to the Insight Page
12:01:35.129 [main] INFO  resources.base - Dashboard Link is present on the Insight Page
12:01:35.201 [main] INFO  resources.base - Report Link is present on the Insight Page
12:01:38.724 [main] INFO  resources.base - User has clicked on the notification link from the Home Page
12:01:38.724 [main] INFO  resources.base - User has routed to the Notification page after clicking on the notification link
12:01:38.804 [main] INFO  resources.base - Notification Settings button is present on the Notifications page
12:01:38.867 [main] INFO  resources.base - Notification heading is present on the Notifications page
12:01:38.937 [main] INFO  resources.base - All Notification tab is present on the Notifications page
12:01:39.015 [main] INFO  resources.base - Flagged tab is present on the Notifications page
12:01:46.063 [main] INFO  resources.base - User has clicked on the Logo from the Notification Page
